c:\users\administrator\desktop\campuspath1\ui_mainwindow.h
c:\users\administrator\desktop\campuspath1\debug\qrc_meijing.cpp
c:\users\administrator\desktop\campuspath1\debug\qrc_tupian.cpp
c:\users\administrator\desktop\campuspath1\debug\moc_mainwindow.cpp
c:\users\administrator\desktop\campuspath3\ui_mainwindow.h
c:\users\administrator\desktop\campuspath3\debug\qrc_meijing.cpp
c:\users\administrator\desktop\campuspath3\debug\qrc_tupian.cpp
c:\users\administrator\desktop\campuspath3\debug\moc_mainwindow.cpp
c:\users\administrator\desktop\campuspath1\debug\qrc_meijing.obj
c:\users\administrator\desktop\campuspath1\debug\qrc_tupian.obj
c:\users\administrator\desktop\campuspath1\debug\vc142.pdb
c:\users\administrator\desktop\campuspath1\debug\mainwindow.obj
c:\users\administrator\desktop\campuspath1\debug\main.obj
c:\users\administrator\desktop\campuspath1\debug\moc_mainwindow.obj
c:\users\administrator\desktop\campuspath3\debug\main.obj
c:\users\administrator\desktop\campuspath3\debug\mainwindow.obj
c:\users\administrator\desktop\campuspath3\debug\vc142.pdb
c:\users\administrator\desktop\campuspath3\debug\qrc_tupian.obj
c:\users\administrator\desktop\campuspath3\debug\qrc_meijing.obj
c:\users\administrator\desktop\campuspath3\debug\moc_mainwindow.obj
c:\users\administrator\desktop\campuspath3\debug\moc_predefs.h
c:\users\administrator\desktop\campuspath1\debug\untitled6.exe
c:\users\administrator\desktop\campuspath1\debug\untitled6.ilk
c:\users\administrator\desktop\campuspath1\debug\untitled6.pdb
c:\users\administrator\desktop\campuspath3\debug\untitled6.exe
c:\users\administrator\desktop\campuspath3\debug\untitled6.ilk
c:\users\administrator\desktop\campuspath3\debug\untitled6.pdb
c:\users\administrator\desktop\campuspath3\debug\campuspath.tlog\campuspath.write.1u.tlog
c:\users\administrator\desktop\campuspath3\debug\campuspath.tlog\cl.command.1.tlog
c:\users\administrator\desktop\campuspath3\debug\campuspath.tlog\cl.read.1.tlog
c:\users\administrator\desktop\campuspath3\debug\campuspath.tlog\cl.write.1.tlog
c:\users\administrator\desktop\campuspath3\debug\campuspath.tlog\custombuild.command.1.tlog
c:\users\administrator\desktop\campuspath3\debug\campuspath.tlog\custombuild.read.1.tlog
c:\users\administrator\desktop\campuspath3\debug\campuspath.tlog\custombuild.write.1.tlog
c:\users\administrator\desktop\campuspath3\debug\campuspath.tlog\link.command.1.tlog
c:\users\administrator\desktop\campuspath3\debug\campuspath.tlog\link.read.1.tlog
c:\users\administrator\desktop\campuspath3\debug\campuspath.tlog\link.write.1.tlog
c:\users\administrator\desktop\campuspath3\debug\campuspath.tlog\moc.read.1u.tlog
c:\users\administrator\desktop\campuspath3\debug\campuspath.tlog\moc.write.1u.tlog
c:\users\administrator\desktop\campuspath3\debug\campuspath.tlog\rcc.read.1u.tlog
c:\users\administrator\desktop\campuspath3\debug\campuspath.tlog\rcc.write.1u.tlog
c:\users\administrator\desktop\campuspath3\debug\campuspath.tlog\uic.read.1u.tlog
c:\users\administrator\desktop\campuspath3\debug\campuspath.tlog\uic.write.1u.tlog
